Arguments: 
  C:\Program Files\nodejs\node.exe C:\Users\vini6\AppData\Roaming\npm\node_modules\yarn\bin\yarn.js add mysql2 express express-handlebars bcryptsjs connect-flash cookie-parser cookie-session express-flash express-session sequelize nodemon session-file-store

PATH: 
  C:\Users\vini6\bin;C:\Program Files\Git\mingw64\bin;C:\Program Files\Git\usr\local\bin;C:\Program Files\Git\usr\bin;C:\Program Files\Git\usr\bin;C:\Program Files\Git\mingw64\bin;C:\Program Files\Git\usr\bin;C:\Users\vini6\bin;C:\Program Files (x86)\Common Files\Oracle\Java\javapath;C:\WINDOWS\system32;C:\WINDOWS;C:\WINDOWS\System32\Wbem;C:\WINDOWS\System32\WindowsPowerShell\v1.0;C:\WINDOWS\System32\OpenSSH;C:\Program Files\Microsoft SQL Server\150\Tools\Binn;C:\Program Files\nodejs;C:\Program Files\dotnet;C:\Program Files\Git\cmd;C:\Program Files\Amazon\AWSCLIV2;C:\Program Files\Docker\Docker\resources\bin;C:\xamp\mysql\bin;C:\Users\vini6\AppData\Local\Microsoft\WindowsApps;C:\Users\vini6\AppData\Local\Programs\Microsoft VS Code\bin;C:\Users\vini6\AppData\Roaming\npm;C:\Users\vini6\AppData\Local\GitHubDesktop\bin;C:\ProgramData\vini6\GitHubDesktop\bin;C:\Program Files\heroku\bin;C:\Program Files\Git\usr\bin\vendor_perl;C:\Program Files\Git\usr\bin\core_perl

Yarn version: 
  1.22.19

Node version: 
  16.14.0

Platform: 
  win32 x64

Trace: 
  Error: https://registry.yarnpkg.com/bcryptsjs: Not found
      at Request.params.callback [as _callback] (C:\Users\vini6\AppData\Roaming\npm\node_modules\yarn\lib\cli.js:66145:18)
      at Request.self.callback (C:\Users\vini6\AppData\Roaming\npm\node_modules\yarn\lib\cli.js:140890:22)
      at Request.emit (node:events:520:28)
      at Request.<anonymous> (C:\Users\vini6\AppData\Roaming\npm\node_modules\yarn\lib\cli.js:141862:10)
      at Request.emit (node:events:520:28)
      at IncomingMessage.<anonymous> (C:\Users\vini6\AppData\Roaming\npm\node_modules\yarn\lib\cli.js:141784:12)
      at Object.onceWrapper (node:events:639:28)
      at IncomingMessage.emit (node:events:532:35)
      at endReadableNT (node:internal/streams/readable:1346:12)
      at processTicksAndRejections (node:internal/process/task_queues:83:21)

npm manifest: 
  {
    "name": "toughts",
    "version": "1.0.0",
    "description": "toughts project with nodeJS",
    "main": "index.js",
    "scripts": {
      "test": "echo \"Error: no test specified\" && exit 1"
    },
    "repository": {
      "type": "git",
      "url": "git+https://github.com/MarcusMix/toughts-node.git"
    },
    "author": "Marcus Sandi",
    "license": "MIT",
    "bugs": {
      "url": "https://github.com/MarcusMix/toughts-node/issues"
    },
    "homepage": "https://github.com/MarcusMix/toughts-node#readme"
  }

yarn manifest: 
  No manifest

Lockfile: 
  No lockfile
